<?xml version="1.0" encoding="UTF-8"?>
<testng-results ignored="0" total="1" passed="1" failed="0" skipped="0">
  <reporter-output>
  </reporter-output>
  <suite started-at="2022-07-28T06:35:09Z" name="Default suite" finished-at="2022-07-28T06:35:14Z" duration-ms="4451">
    <groups>
    </groups>
    <test started-at="2022-07-28T06:35:09Z" name="Default test" finished-at="2022-07-28T06:35:14Z" duration-ms="4451">
      <class name="TC003_get_request">
        <test-method signature="headersvalidating()[pri:0, instance:TC003_get_request@7674b62c]" started-at="2022-07-28T12:05:09Z" name="headersvalidating" finished-at="2022-07-28T12:05:14Z" duration-ms="4417" status="PASS">
          <reporter-output>
          </reporter-output>
        </test-method> <!-- headersvalidating -->
      </class> <!-- TC003_get_request -->
    </test> <!-- Default test -->
  </suite> <!-- Default suite -->
</testng-results>
